Date: 29/05/2019 14:35:57.696
Message: Request failed with status code 400
Stack: Error: Request failed with status code 400
    at createError (L:\Git\TruckTracker\truck-tracker\server\node_modules\axios\lib\core\createError.js:16:15)
    at settle (L:\Git\TruckTracker\truck-tracker\server\node_modules\axios\lib\core\settle.js:18:12)
    at IncomingMessage.handleStreamEnd (L:\Git\TruckTracker\truck-tracker\server\node_modules\axios\lib\adapters\http.js:201:11)
    at IncomingMessage.emit (events.js:194:15)
    at endReadableNT (_stream_readable.js:1125:12)
    at process._tickCallback (internal/process/next_tick.js:63:19)
Method: POST
Url: /FAMO.WebAPI/token
StatusCode: 400

Date: 29/05/2019 14:37:03.768
Message: Request failed with status code 400
Stack: Error: Request failed with status code 400
    at createError (L:\Git\TruckTracker\truck-tracker\server\node_modules\axios\lib\core\createError.js:16:15)
    at settle (L:\Git\TruckTracker\truck-tracker\server\node_modules\axios\lib\core\settle.js:18:12)
    at IncomingMessage.handleStreamEnd (L:\Git\TruckTracker\truck-tracker\server\node_modules\axios\lib\adapters\http.js:201:11)
    at IncomingMessage.emit (events.js:194:15)
    at endReadableNT (_stream_readable.js:1125:12)
    at process._tickCallback (internal/process/next_tick.js:63:19)
Method: POST
Url: /FAMO.WebAPI/token
StatusCode: 400

Date: 29/05/2019 16:31:57.268
Message: Request failed with status code 400
Stack: Error: Request failed with status code 400
    at createError (L:\Git\TruckTracker\truck-tracker\server\node_modules\axios\lib\core\createError.js:16:15)
    at settle (L:\Git\TruckTracker\truck-tracker\server\node_modules\axios\lib\core\settle.js:18:12)
    at IncomingMessage.handleStreamEnd (L:\Git\TruckTracker\truck-tracker\server\node_modules\axios\lib\adapters\http.js:201:11)
    at IncomingMessage.emit (events.js:194:15)
    at endReadableNT (_stream_readable.js:1125:12)
    at process._tickCallback (internal/process/next_tick.js:63:19)
Method: POST
Url: /FAMO.WebAPI/token
StatusCode: 400

