::1 - - [23/May/2019:15:09:07 +0000] "GET /Authentication/SiganIn HTTP/1.1" 404 161 "-" "Mozilla/5.0 (Windows NT 10.0; Win64; x64) AppleWebKit/537.36 (KHTML, like Gecko) Chrome/74.0.3729.169 Safari/537.36"
::1 - - [23/May/2019:15:09:53 +0000] "GET /Authentication/SignIn HTTP/1.1" - - "-" "Mozilla/5.0 (Windows NT 10.0; Win64; x64) AppleWebKit/537.36 (KHTML, like Gecko) Chrome/74.0.3729.169 Safari/537.36"
::1 - - [23/May/2019:15:09:53 +0000] "GET /Authentication/SignIni HTTP/1.1" 404 161 "-" "Mozilla/5.0 (Windows NT 10.0; Win64; x64) AppleWebKit/537.36 (KHTML, like Gecko) Chrome/74.0.3729.169 Safari/537.36"
::1 - - [23/May/2019:15:30:27 +0000] "GET /Authentication/SignIni HTTP/1.1" 404 161 "-" "Mozilla/5.0 (Windows NT 10.0; Win64; x64) AppleWebKit/537.36 (KHTML, like Gecko) Chrome/74.0.3729.169 Safari/537.36"
::1 - - [23/May/2019:15:34:23 +0000] "GET /Authentication/SignIn HTTP/1.1" - - "-" "Mozilla/5.0 (Windows NT 10.0; Win64; x64) AppleWebKit/537.36 (KHTML, like Gecko) Chrome/74.0.3729.169 Safari/537.36"
::1 - - [23/May/2019:15:34:23 +0000] "GET /Authentication/SignIni HTTP/1.1" 404 161 "-" "Mozilla/5.0 (Windows NT 10.0; Win64; x64) AppleWebKit/537.36 (KHTML, like Gecko) Chrome/74.0.3729.169 Safari/537.36"
::1 - - [23/May/2019:15:34:23 +0000] "GET /Authenticatison/SignIn HTTP/1.1" 404 161 "-" "Mozilla/5.0 (Windows NT 10.0; Win64; x64) AppleWebKit/537.36 (KHTML, like Gecko) Chrome/74.0.3729.169 Safari/537.36"
::1 - - [23/May/2019:15:34:55 +0000] "GET /Authenticatison/SignIn HTTP/1.1" 404 161 "-" "Mozilla/5.0 (Windows NT 10.0; Win64; x64) AppleWebKit/537.36 (KHTML, like Gecko) Chrome/74.0.3729.169 Safari/537.36"
::1 - - [23/May/2019:15:34:56 +0000] "GET /Authenticatison/SignIn HTTP/1.1" 404 161 "-" "Mozilla/5.0 (Windows NT 10.0; Win64; x64) AppleWebKit/537.36 (KHTML, like Gecko) Chrome/74.0.3729.169 Safari/537.36"
::1 - - [23/May/2019:15:34:57 +0000] "GET /Authenticatison/SignIn HTTP/1.1" 404 161 "-" "Mozilla/5.0 (Windows NT 10.0; Win64; x64) AppleWebKit/537.36 (KHTML, like Gecko) Chrome/74.0.3729.169 Safari/537.36"
::1 - - [23/May/2019:15:34:57 +0000] "GET /Authenticatison/SignIn HTTP/1.1" 404 161 "-" "Mozilla/5.0 (Windows NT 10.0; Win64; x64) AppleWebKit/537.36 (KHTML, like Gecko) Chrome/74.0.3729.169 Safari/537.36"
::1 - - [23/May/2019:15:36:35 +0000] "GET /Authenticatison/SignIn HTTP/1.1" 404 161 "-" "Mozilla/5.0 (Windows NT 10.0; Win64; x64) AppleWebKit/537.36 (KHTML, like Gecko) Chrome/74.0.3729.169 Safari/537.36"
::1 - - [27/May/2019:09:19:00 +0000] "GET /favicon.ico HTTP/1.1" 404 150 "http://localhost:3001/Authentication/SignIn" "Mozilla/5.0 (Windows NT 10.0; Win64; x64) AppleWebKit/537.36 (KHTML, like Gecko) Chrome/74.0.3729.169 Safari/537.36"
::1 - - [27/May/2019:10:13:23 +0000] "GET /Authentication/SiganIn HTTP/1.1" 404 161 "-" "Mozilla/5.0 (Windows NT 10.0; Win64; x64) AppleWebKit/537.36 (KHTML, like Gecko) Chrome/74.0.3729.169 Safari/537.36"
::1 - - [27/May/2019:10:14:07 +0000] "GET /Authentication/SiganIn HTTP/1.1" 404 161 "-" "Mozilla/5.0 (Windows NT 10.0; Win64; x64) AppleWebKit/537.36 (KHTML, like Gecko) Chrome/74.0.3729.169 Safari/537.36"
::1 - - [27/May/2019:10:20:39 +0000] "GET /Authentication/SignIn HTTP/1.1" 200 7 "-" "Mozilla/5.0 (Windows NT 10.0; Win64; x64) AppleWebKit/537.36 (KHTML, like Gecko) Chrome/74.0.3729.169 Safari/537.36"
::1 - - [27/May/2019:10:20:40 +0000] "GET /Authentication/SignIn HTTP/1.1" 200 7 "-" "Mozilla/5.0 (Windows NT 10.0; Win64; x64) AppleWebKit/537.36 (KHTML, like Gecko) Chrome/74.0.3729.169 Safari/537.36"
::1 - - [27/May/2019:10:20:40 +0000] "GET /Authentication/SignIn HTTP/1.1" 200 7 "-" "Mozilla/5.0 (Windows NT 10.0; Win64; x64) AppleWebKit/537.36 (KHTML, like Gecko) Chrome/74.0.3729.169 Safari/537.36"
::1 - - [27/May/2019:10:31:13 +0000] "GET /Authentication/SignIn HTTP/1.1" - - "-" "Mozilla/5.0 (Windows NT 10.0; Win64; x64) AppleWebKit/537.36 (KHTML, like Gecko) Chrome/74.0.3729.169 Safari/537.36"
::1 - - [27/May/2019:10:33:13 +0000] "GET /Authentication/SignIn HTTP/1.1" - - "-" "Mozilla/5.0 (Windows NT 10.0; Win64; x64) AppleWebKit/537.36 (KHTML, like Gecko) Chrome/74.0.3729.169 Safari/537.36"
::1 - - [27/May/2019:10:33:27 +0000] "GET /Authentication/SignIn HTTP/1.1" - - "-" "Mozilla/5.0 (Windows NT 10.0; Win64; x64) AppleWebKit/537.36 (KHTML, like Gecko) Chrome/74.0.3729.169 Safari/537.36"
::1 - - [28/May/2019:07:59:22 +0000] "POST /Authentication/SignIn HTTP/1.1" 404 161 "http://localhost:3000/SignIn" "Mozilla/5.0 (Windows NT 10.0; Win64; x64) AppleWebKit/537.36 (KHTML, like Gecko) Chrome/74.0.3729.169 Safari/537.36"
::1 - - [28/May/2019:08:00:36 +0000] "POST /Authentication/SignIn HTTP/1.1" 404 161 "http://localhost:3000/SignIn" "Mozilla/5.0 (Windows NT 10.0; Win64; x64) AppleWebKit/537.36 (KHTML, like Gecko) Chrome/74.0.3729.169 Safari/537.36"
::1 - - [28/May/2019:08:04:09 +0000] "GET /Authentication/SignIn HTTP/1.1" - - "-" "Mozilla/5.0 (Windows NT 10.0; Win64; x64) AppleWebKit/537.36 (KHTML, like Gecko) Chrome/74.0.3729.169 Safari/537.36"
::1 - - [28/May/2019:08:05:03 +0000] "GET /Authentication/SignIn HTTP/1.1" - - "-" "Mozilla/5.0 (Windows NT 10.0; Win64; x64) AppleWebKit/537.36 (KHTML, like Gecko) Chrome/74.0.3729.169 Safari/537.36"
::1 - - [28/May/2019:08:20:44 +0000] "GET /Authentication/SignIn HTTP/1.1" - - "-" "Mozilla/5.0 (Windows NT 10.0; Win64; x64) AppleWebKit/537.36 (KHTML, like Gecko) Chrome/74.0.3729.169 Safari/537.36"
::1 - - [28/May/2019:08:20:50 +0000] "GET /Authentication/SignIn HTTP/1.1" - - "-" "Mozilla/5.0 (Windows NT 10.0; Win64; x64) AppleWebKit/537.36 (KHTML, like Gecko) Chrome/74.0.3729.169 Safari/537.36"
::1 - - [28/May/2019:09:37:00 +0000] "POST /Authentication/SignIn HTTP/1.1" - - "http://localhost:3000/SignIn" "Mozilla/5.0 (Windows NT 10.0; Win64; x64) AppleWebKit/537.36 (KHTML, like Gecko) Chrome/74.0.3729.169 Safari/537.36"
::1 - - [28/May/2019:10:26:26 +0000] "POST /Authentication/SignIn HTTP/1.1" - - "http://localhost:3000/SignIn" "Mozilla/5.0 (Windows NT 10.0; Win64; x64) AppleWebKit/537.36 (KHTML, like Gecko) Chrome/74.0.3729.169 Safari/537.36"
::1 - - [28/May/2019:10:38:58 +0000] "POST /Authentication/SignIn HTTP/1.1" 400 - "http://localhost:3000/SignIn" "Mozilla/5.0 (Windows NT 10.0; Win64; x64) AppleWebKit/537.36 (KHTML, like Gecko) Chrome/74.0.3729.169 Safari/537.36"
::1 - - [28/May/2019:10:41:49 +0000] "POST /Authentication/SignIn HTTP/1.1" 400 - "http://localhost:3000/SignIn" "Mozilla/5.0 (Windows NT 10.0; Win64; x64) AppleWebKit/537.36 (KHTML, like Gecko) Chrome/74.0.3729.169 Safari/537.36"
::1 - - [28/May/2019:10:47:56 +0000] "POST /Authentication/SignIn HTTP/1.1" 400 - "http://localhost:3000/SignIn" "Mozilla/5.0 (Windows NT 10.0; Win64; x64) AppleWebKit/537.36 (KHTML, like Gecko) Chrome/74.0.3729.169 Safari/537.36"
::1 - - [28/May/2019:10:48:01 +0000] "POST /Authentication/SignIn HTTP/1.1" 400 - "http://localhost:3000/SignIn" "Mozilla/5.0 (Windows NT 10.0; Win64; x64) AppleWebKit/537.36 (KHTML, like Gecko) Chrome/74.0.3729.169 Safari/537.36"
::1 - - [28/May/2019:10:48:03 +0000] "POST /Authentication/SignIn HTTP/1.1" 400 - "http://localhost:3000/SignIn" "Mozilla/5.0 (Windows NT 10.0; Win64; x64) AppleWebKit/537.36 (KHTML, like Gecko) Chrome/74.0.3729.169 Safari/537.36"
::1 - - [28/May/2019:10:48:05 +0000] "POST /Authentication/SignIn HTTP/1.1" 400 - "http://localhost:3000/SignIn" "Mozilla/5.0 (Windows NT 10.0; Win64; x64) AppleWebKit/537.36 (KHTML, like Gecko) Chrome/74.0.3729.169 Safari/537.36"
::1 - - [28/May/2019:10:48:11 +0000] "POST /Authentication/SignIn HTTP/1.1" 400 - "http://localhost:3000/SignIn" "Mozilla/5.0 (Windows NT 10.0; Win64; x64) AppleWebKit/537.36 (KHTML, like Gecko) Chrome/74.0.3729.169 Safari/537.36"
::1 - - [28/May/2019:10:48:13 +0000] "POST /Authentication/SignIn HTTP/1.1" 400 - "http://localhost:3000/SignIn" "Mozilla/5.0 (Windows NT 10.0; Win64; x64) AppleWebKit/537.36 (KHTML, like Gecko) Chrome/74.0.3729.169 Safari/537.36"
::1 - - [28/May/2019:10:48:14 +0000] "POST /Authentication/SignIn HTTP/1.1" 400 - "http://localhost:3000/SignIn" "Mozilla/5.0 (Windows NT 10.0; Win64; x64) AppleWebKit/537.36 (KHTML, like Gecko) Chrome/74.0.3729.169 Safari/537.36"
::1 - - [28/May/2019:10:48:15 +0000] "POST /Authentication/SignIn HTTP/1.1" 400 - "http://localhost:3000/SignIn" "Mozilla/5.0 (Windows NT 10.0; Win64; x64) AppleWebKit/537.36 (KHTML, like Gecko) Chrome/74.0.3729.169 Safari/537.36"
::1 - - [28/May/2019:10:48:15 +0000] "POST /Authentication/SignIn HTTP/1.1" 400 - "http://localhost:3000/SignIn" "Mozilla/5.0 (Windows NT 10.0; Win64; x64) AppleWebKit/537.36 (KHTML, like Gecko) Chrome/74.0.3729.169 Safari/537.36"
::1 - - [28/May/2019:10:48:15 +0000] "POST /Authentication/SignIn HTTP/1.1" 400 - "http://localhost:3000/SignIn" "Mozilla/5.0 (Windows NT 10.0; Win64; x64) AppleWebKit/537.36 (KHTML, like Gecko) Chrome/74.0.3729.169 Safari/537.36"
::1 - - [28/May/2019:10:48:15 +0000] "POST /Authentication/SignIn HTTP/1.1" 400 - "http://localhost:3000/SignIn" "Mozilla/5.0 (Windows NT 10.0; Win64; x64) AppleWebKit/537.36 (KHTML, like Gecko) Chrome/74.0.3729.169 Safari/537.36"
::1 - - [28/May/2019:10:48:16 +0000] "POST /Authentication/SignIn HTTP/1.1" 400 - "http://localhost:3000/SignIn" "Mozilla/5.0 (Windows NT 10.0; Win64; x64) AppleWebKit/537.36 (KHTML, like Gecko) Chrome/74.0.3729.169 Safari/537.36"
::1 - - [28/May/2019:10:48:16 +0000] "POST /Authentication/SignIn HTTP/1.1" 400 - "http://localhost:3000/SignIn" "Mozilla/5.0 (Windows NT 10.0; Win64; x64) AppleWebKit/537.36 (KHTML, like Gecko) Chrome/74.0.3729.169 Safari/537.36"
::1 - - [28/May/2019:10:51:43 +0000] "POST /Authentication/SignIn HTTP/1.1" 400 - "http://localhost:3000/SignIn" "Mozilla/5.0 (Windows NT 10.0; Win64; x64) AppleWebKit/537.36 (KHTML, like Gecko) Chrome/74.0.3729.169 Safari/537.36"
::1 - - [28/May/2019:10:51:51 +0000] "POST /Authentication/SignIn HTTP/1.1" 400 - "http://localhost:3000/SignIn" "Mozilla/5.0 (Windows NT 10.0; Win64; x64) AppleWebKit/537.36 (KHTML, like Gecko) Chrome/74.0.3729.169 Safari/537.36"
::1 - - [28/May/2019:10:52:46 +0000] "POST /Authentication/SignIn HTTP/1.1" 400 - "http://localhost:3000/SignIn" "Mozilla/5.0 (Windows NT 10.0; Win64; x64) AppleWebKit/537.36 (KHTML, like Gecko) Chrome/74.0.3729.169 Safari/537.36"
::1 - - [28/May/2019:11:06:00 +0000] "POST /Authentication/SignIn HTTP/1.1" 500 - "http://localhost:3000/SignIn" "Mozilla/5.0 (Windows NT 10.0; Win64; x64) AppleWebKit/537.36 (KHTML, like Gecko) Chrome/74.0.3729.169 Safari/537.36"
::1 - - [28/May/2019:11:06:07 +0000] "POST /Authentication/SignIn HTTP/1.1" 200 - "http://localhost:3000/SignIn" "Mozilla/5.0 (Windows NT 10.0; Win64; x64) AppleWebKit/537.36 (KHTML, like Gecko) Chrome/74.0.3729.169 Safari/537.36"
::1 - - [28/May/2019:11:07:22 +0000] "POST /Authentication/SignIn HTTP/1.1" 200 - "http://localhost:3000/SignIn" "Mozilla/5.0 (Windows NT 10.0; Win64; x64) AppleWebKit/537.36 (KHTML, like Gecko) Chrome/74.0.3729.169 Safari/537.36"
::1 - - [28/May/2019:13:12:37 +0000] "POST /Authentication/SignIn HTTP/1.1" 200 - "http://localhost:3000/SignIn" "Mozilla/5.0 (Windows NT 10.0; Win64; x64) AppleWebKit/537.36 (KHTML, like Gecko) Chrome/74.0.3729.169 Safari/537.36"
::1 - - [28/May/2019:13:15:06 +0000] "POST /Authentication/SignIn HTTP/1.1" 200 - "http://localhost:3000/SignIn" "Mozilla/5.0 (Windows NT 10.0; Win64; x64) AppleWebKit/537.36 (KHTML, like Gecko) Chrome/74.0.3729.169 Safari/537.36"
::1 - - [28/May/2019:13:15:21 +0000] "POST /Authentication/SignIn HTTP/1.1" 200 - "http://localhost:3000/SignIn" "Mozilla/5.0 (Windows NT 10.0; Win64; x64) AppleWebKit/537.36 (KHTML, like Gecko) Chrome/74.0.3729.169 Safari/537.36"
::1 - - [28/May/2019:13:49:45 +0000] "GET /Authentication/Session/User HTTP/1.1" 200 - "http://localhost:3000/SignIn" "Mozilla/5.0 (Windows NT 10.0; Win64; x64) AppleWebKit/537.36 (KHTML, like Gecko) Chrome/74.0.3729.169 Safari/537.36"
::1 - - [28/May/2019:14:06:00 +0000] "GET /Authentication/Session/User HTTP/1.1" 200 - "http://localhost:3000/SignIn" "Mozilla/5.0 (Windows NT 10.0; Win64; x64) AppleWebKit/537.36 (KHTML, like Gecko) Chrome/74.0.3729.169 Safari/537.36"
::1 - - [28/May/2019:14:06:37 +0000] "POST /Authentication/SignIn HTTP/1.1" 200 - "http://localhost:3000/SignIn" "Mozilla/5.0 (Windows NT 10.0; Win64; x64) AppleWebKit/537.36 (KHTML, like Gecko) Chrome/74.0.3729.169 Safari/537.36"
::1 - - [28/May/2019:14:09:26 +0000] "GET /Authentication/Session/User HTTP/1.1" 200 - "http://localhost:3000/" "Mozilla/5.0 (Windows NT 10.0; Win64; x64) AppleWebKit/537.36 (KHTML, like Gecko) Chrome/74.0.3729.169 Safari/537.36"
::1 - - [28/May/2019:14:17:25 +0000] "GET /Authentication/Session/User HTTP/1.1" 200 - "http://localhost:3000/SignIn" "Mozilla/5.0 (Windows NT 10.0; Win64; x64) AppleWebKit/537.36 (KHTML, like Gecko) Chrome/74.0.3729.169 Safari/537.36"
::1 - - [28/May/2019:14:19:38 +0000] "GET /Authentication/Session/User HTTP/1.1" 500 - "http://localhost:3000/SignIn" "Mozilla/5.0 (Windows NT 10.0; Win64; x64) AppleWebKit/537.36 (KHTML, like Gecko) Chrome/74.0.3729.169 Safari/537.36"
::1 - - [28/May/2019:14:24:05 +0000] "GET /Authentication/Session/User HTTP/1.1" 500 - "http://localhost:3000/SignIn" "Mozilla/5.0 (Windows NT 10.0; Win64; x64) AppleWebKit/537.36 (KHTML, like Gecko) Chrome/74.0.3729.169 Safari/537.36"
::1 - - [28/May/2019:14:49:28 +0000] "GET /Authentication/Session/User HTTP/1.1" 204 - "http://localhost:3000/SignIn" "Mozilla/5.0 (Windows NT 10.0; Win64; x64) AppleWebKit/537.36 (KHTML, like Gecko) Chrome/74.0.3729.169 Safari/537.36"
::1 - - [28/May/2019:14:49:49 +0000] "GET /Authentication/Session/User HTTP/1.1" 204 - "http://localhost:3000/SignIn" "Mozilla/5.0 (Windows NT 10.0; Win64; x64) AppleWebKit/537.36 (KHTML, like Gecko) Chrome/74.0.3729.169 Safari/537.36"
::1 - - [28/May/2019:14:50:27 +0000] "GET /Authentication/Session/User HTTP/1.1" 204 - "http://localhost:3000/SignIn" "Mozilla/5.0 (Windows NT 10.0; Win64; x64) AppleWebKit/537.36 (KHTML, like Gecko) Chrome/74.0.3729.169 Safari/537.36"
::1 - - [28/May/2019:14:50:58 +0000] "GET /Authentication/Session/User HTTP/1.1" 204 - "http://localhost:3000/SignIn" "Mozilla/5.0 (Windows NT 10.0; Win64; x64) AppleWebKit/537.36 (KHTML, like Gecko) Chrome/74.0.3729.169 Safari/537.36"
::1 - - [28/May/2019:14:51:33 +0000] "POST /Authentication/SignIn HTTP/1.1" 200 - "http://localhost:3000/SignIn" "Mozilla/5.0 (Windows NT 10.0; Win64; x64) AppleWebKit/537.36 (KHTML, like Gecko) Chrome/74.0.3729.169 Safari/537.36"
::1 - - [28/May/2019:14:51:37 +0000] "GET /Authentication/Session/User HTTP/1.1" 204 - "http://localhost:3000/SignIn" "Mozilla/5.0 (Windows NT 10.0; Win64; x64) AppleWebKit/537.36 (KHTML, like Gecko) Chrome/74.0.3729.169 Safari/537.36"
::1 - - [28/May/2019:14:52:52 +0000] "POST /Authentication/SignIn HTTP/1.1" 200 - "http://localhost:3000/SignIn" "Mozilla/5.0 (Windows NT 10.0; Win64; x64) AppleWebKit/537.36 (KHTML, like Gecko) Chrome/74.0.3729.169 Safari/537.36"
::1 - - [28/May/2019:14:55:43 +0000] "GET /Authentication/Session/User HTTP/1.1" 204 - "http://localhost:3000/SignIn" "Mozilla/5.0 (Windows NT 10.0; Win64; x64) AppleWebKit/537.36 (KHTML, like Gecko) Chrome/74.0.3729.169 Safari/537.36"
::1 - - [28/May/2019:14:55:52 +0000] "POST /Authentication/SignIn HTTP/1.1" 200 - "http://localhost:3000/SignIn" "Mozilla/5.0 (Windows NT 10.0; Win64; x64) AppleWebKit/537.36 (KHTML, like Gecko) Chrome/74.0.3729.169 Safari/537.36"
::1 - - [28/May/2019:15:03:01 +0000] "GET /Authentication/Session/User HTTP/1.1" 204 - "http://localhost:3000/SignIn" "Mozilla/5.0 (Windows NT 10.0; Win64; x64) AppleWebKit/537.36 (KHTML, like Gecko) Chrome/74.0.3729.169 Safari/537.36"
::1 - - [28/May/2019:15:03:08 +0000] "POST /Authentication/SignIn HTTP/1.1" 200 - "http://localhost:3000/SignIn" "Mozilla/5.0 (Windows NT 10.0; Win64; x64) AppleWebKit/537.36 (KHTML, like Gecko) Chrome/74.0.3729.169 Safari/537.36"
::1 - - [28/May/2019:15:44:20 +0000] "GET /Authentication/Session/User HTTP/1.1" 204 - "http://localhost:3000/SignIn" "Mozilla/5.0 (Windows NT 10.0; Win64; x64) AppleWebKit/537.36 (KHTML, like Gecko) Chrome/74.0.3729.169 Safari/537.36"
::1 - - [28/May/2019:15:44:26 +0000] "GET /Authentication/Session/User HTTP/1.1" 204 - "http://localhost:3000/SignIn" "Mozilla/5.0 (Windows NT 10.0; Win64; x64) AppleWebKit/537.36 (KHTML, like Gecko) Chrome/74.0.3729.169 Safari/537.36"
::1 - - [28/May/2019:15:44:31 +0000] "GET /Authentication/Session/User HTTP/1.1" 204 - "http://localhost:3000/SignIn" "Mozilla/5.0 (Windows NT 10.0; Win64; x64) AppleWebKit/537.36 (KHTML, like Gecko) Chrome/74.0.3729.169 Safari/537.36"
::1 - - [28/May/2019:15:51:41 +0000] "GET /Authentication/Session/User HTTP/1.1" 204 - "http://localhost:3000/SignIn" "Mozilla/5.0 (Windows NT 10.0; Win64; x64) AppleWebKit/537.36 (KHTML, like Gecko) Chrome/74.0.3729.169 Safari/537.36"
::1 - - [28/May/2019:15:51:53 +0000] "GET /Authentication/Session/User HTTP/1.1" 204 - "http://localhost:3000/SignIn" "Mozilla/5.0 (Windows NT 10.0; Win64; x64) AppleWebKit/537.36 (KHTML, like Gecko) Chrome/74.0.3729.169 Safari/537.36"
::1 - - [28/May/2019:15:51:56 +0000] "GET /Authentication/Session/User HTTP/1.1" 204 - "http://localhost:3000/SignIn" "Mozilla/5.0 (Windows NT 10.0; Win64; x64) AppleWebKit/537.36 (KHTML, like Gecko) Chrome/74.0.3729.169 Safari/537.36"
::1 - - [28/May/2019:15:53:03 +0000] "GET /Authentication/Session/User HTTP/1.1" 204 - "http://localhost:3000/SignIn" "Mozilla/5.0 (Windows NT 10.0; Win64; x64) AppleWebKit/537.36 (KHTML, like Gecko) Chrome/74.0.3729.169 Safari/537.36"
::1 - - [28/May/2019:15:53:04 +0000] "GET /Authentication/Session/User HTTP/1.1" 204 - "http://localhost:3000/SignIn" "Mozilla/5.0 (Windows NT 10.0; Win64; x64) AppleWebKit/537.36 (KHTML, like Gecko) Chrome/74.0.3729.169 Safari/537.36"
::1 - - [28/May/2019:15:54:08 +0000] "GET /Authentication/Session/User HTTP/1.1" 204 - "http://localhost:3000/SignIn" "Mozilla/5.0 (Windows NT 10.0; Win64; x64) AppleWebKit/537.36 (KHTML, like Gecko) Chrome/74.0.3729.169 Safari/537.36"
::1 - - [28/May/2019:15:55:12 +0000] "GET /Authentication/Session/User HTTP/1.1" 204 - "http://localhost:3000/SignIn" "Mozilla/5.0 (Windows NT 10.0; Win64; x64) AppleWebKit/537.36 (KHTML, like Gecko) Chrome/74.0.3729.169 Safari/537.36"
::1 - - [28/May/2019:15:55:20 +0000] "GET /Authentication/Session/User HTTP/1.1" 204 - "http://localhost:3000/SignIn" "Mozilla/5.0 (Windows NT 10.0; Win64; x64) AppleWebKit/537.36 (KHTML, like Gecko) Chrome/74.0.3729.169 Safari/537.36"
::1 - - [28/May/2019:15:56:14 +0000] "POST /Authentication/SignIn HTTP/1.1" 200 - "http://localhost:3000/SignIn" "Mozilla/5.0 (Windows NT 10.0; Win64; x64) AppleWebKit/537.36 (KHTML, like Gecko) Chrome/74.0.3729.169 Safari/537.36"
::1 - - [28/May/2019:16:02:18 +0000] "GET /Authentication/Session/User HTTP/1.1" 204 - "http://localhost:3000/SignIn" "Mozilla/5.0 (Windows NT 10.0; Win64; x64) AppleWebKit/537.36 (KHTML, like Gecko) Chrome/74.0.3729.169 Safari/537.36"
::1 - - [28/May/2019:16:05:11 +0000] "GET /Authentication/Session/User HTTP/1.1" 204 - "http://localhost:3000/SignIn" "Mozilla/5.0 (Windows NT 10.0; Win64; x64) AppleWebKit/537.36 (KHTML, like Gecko) Chrome/74.0.3729.169 Safari/537.36"
::1 - - [28/May/2019:16:08:23 +0000] "GET /Authentication/Session/User HTTP/1.1" 204 - "http://localhost:3000/SignIn" "Mozilla/5.0 (Windows NT 10.0; Win64; x64) AppleWebKit/537.36 (KHTML, like Gecko) Chrome/74.0.3729.169 Safari/537.36"
::1 - - [28/May/2019:16:14:45 +0000] "GET /Authentication/Session/User HTTP/1.1" 204 - "-" "Mozilla/5.0 (Windows NT 10.0; Win64; x64) AppleWebKit/537.36 (KHTML, like Gecko) Chrome/74.0.3729.169 Safari/537.36"
::1 - - [28/May/2019:16:14:46 +0000] "GET /Authentication/Session/User HTTP/1.1" 204 - "http://localhost:3000/SignIn" "Mozilla/5.0 (Windows NT 10.0; Win64; x64) AppleWebKit/537.36 (KHTML, like Gecko) Chrome/74.0.3729.169 Safari/537.36"
::1 - - [28/May/2019:16:14:48 +0000] "GET /Authentication/Session/User HTTP/1.1" 204 - "http://localhost:3000/SignIn" "Mozilla/5.0 (Windows NT 10.0; Win64; x64) AppleWebKit/537.36 (KHTML, like Gecko) Chrome/74.0.3729.169 Safari/537.36"
::1 - - [28/May/2019:16:15:24 +0000] "GET /Authentication/Session/User HTTP/1.1" 204 - "http://localhost:3000/SignIn" "Mozilla/5.0 (Windows NT 10.0; Win64; x64) AppleWebKit/537.36 (KHTML, like Gecko) Chrome/74.0.3729.169 Safari/537.36"
::1 - - [28/May/2019:16:15:26 +0000] "GET /Authentication/Session/User HTTP/1.1" 204 - "http://localhost:3000/SignIn" "Mozilla/5.0 (Windows NT 10.0; Win64; x64) AppleWebKit/537.36 (KHTML, like Gecko) Chrome/74.0.3729.169 Safari/537.36"
